<?xml version="1.0" encoding="UTF-8"?>
<testsuite xmlns:xsi="http://www.w3.org/2001/XMLSchema-instance" xsi:noNamespaceSchemaLocation="https://maven.apache.org/surefire/maven-surefire-plugin/xsd/surefire-test-report.xsd" name="com.kely.AppTest" time="0.088" tests="1" errors="0" skipped="0" failures="0">
  <properties>
    <property name="sun.desktop" value="windows"/>
    <property name="awt.toolkit" value="sun.awt.windows.WToolkit"/>
    <property name="file.encoding.pkg" value="sun.io"/>
    <property name="java.specification.version" value="1.8"/>
    <property name="sun.cpu.isalist" value="amd64"/>
    <property name="sun.jnu.encoding" value="GBK"/>
    <property name="java.class.path" value="E:\kely\workspaces\springboot\springboot\springbootfast1\target\test-classes;E:\kely\workspaces\springboot\springboot\springbootfast1\target\classes;E:\maven\repository\org\springframework\boot\spring-boot-starter-web\1.5.2.RELEASE\spring-boot-starter-web-1.5.2.RELEASE.jar;E:\maven\repository\org\springframework\boot\spring-boot-starter\1.5.2.RELEASE\spring-boot-starter-1.5.2.RELEASE.jar;E:\maven\repository\org\springframework\boot\spring-boot\1.5.2.RELEASE\spring-boot-1.5.2.RELEASE.jar;E:\maven\repository\org\springframework\boot\spring-boot-autoconfigure\1.5.2.RELEASE\spring-boot-autoconfigure-1.5.2.RELEASE.jar;E:\maven\repository\org\springframework\boot\spring-boot-starter-logging\1.5.2.RELEASE\spring-boot-starter-logging-1.5.2.RELEASE.jar;E:\maven\repository\ch\qos\logback\logback-classic\1.1.11\logback-classic-1.1.11.jar;E:\maven\repository\ch\qos\logback\logback-core\1.1.11\logback-core-1.1.11.jar;E:\maven\repository\org\slf4j\jcl-over-slf4j\1.7.24\jcl-over-slf4j-1.7.24.jar;E:\maven\repository\org\slf4j\jul-to-slf4j\1.7.24\jul-to-slf4j-1.7.24.jar;E:\maven\repository\org\slf4j\log4j-over-slf4j\1.7.24\log4j-over-slf4j-1.7.24.jar;E:\maven\repository\org\yaml\snakeyaml\1.17\snakeyaml-1.17.jar;E:\maven\repository\org\springframework\boot\spring-boot-starter-tomcat\1.5.2.RELEASE\spring-boot-starter-tomcat-1.5.2.RELEASE.jar;E:\maven\repository\org\apache\tomcat\embed\tomcat-embed-core\8.5.11\tomcat-embed-core-8.5.11.jar;E:\maven\repository\org\apache\tomcat\embed\tomcat-embed-el\8.5.11\tomcat-embed-el-8.5.11.jar;E:\maven\repository\org\apache\tomcat\embed\tomcat-embed-websocket\8.5.11\tomcat-embed-websocket-8.5.11.jar;E:\maven\repository\org\hibernate\hibernate-validator\5.3.4.Final\hibernate-validator-5.3.4.Final.jar;E:\maven\repository\javax\validation\validation-api\1.1.0.Final\validation-api-1.1.0.Final.jar;E:\maven\repository\org\jboss\logging\jboss-logging\3.3.0.Final\jboss-logging-3.3.0.Final.jar;E:\maven\repository\com\fasterxml\classmate\1.3.3\classmate-1.3.3.jar;E:\maven\repository\com\fasterxml\jackson\core\jackson-databind\2.8.7\jackson-databind-2.8.7.jar;E:\maven\repository\com\fasterxml\jackson\core\jackson-annotations\2.8.0\jackson-annotations-2.8.0.jar;E:\maven\repository\com\fasterxml\jackson\core\jackson-core\2.8.7\jackson-core-2.8.7.jar;E:\maven\repository\org\springframework\spring-web\4.3.7.RELEASE\spring-web-4.3.7.RELEASE.jar;E:\maven\repository\org\springframework\spring-aop\4.3.7.RELEASE\spring-aop-4.3.7.RELEASE.jar;E:\maven\repository\org\springframework\spring-beans\4.3.7.RELEASE\spring-beans-4.3.7.RELEASE.jar;E:\maven\repository\org\springframework\spring-context\4.3.7.RELEASE\spring-context-4.3.7.RELEASE.jar;E:\maven\repository\org\springframework\spring-webmvc\4.3.7.RELEASE\spring-webmvc-4.3.7.RELEASE.jar;E:\maven\repository\org\springframework\spring-expression\4.3.7.RELEASE\spring-expression-4.3.7.RELEASE.jar;E:\maven\repository\org\springframework\boot\spring-boot-starter-test\1.5.2.RELEASE\spring-boot-starter-test-1.5.2.RELEASE.jar;E:\maven\repository\org\springframework\boot\spring-boot-test\1.5.2.RELEASE\spring-boot-test-1.5.2.RELEASE.jar;E:\maven\repository\org\springframework\boot\spring-boot-test-autoconfigure\1.5.2.RELEASE\spring-boot-test-autoconfigure-1.5.2.RELEASE.jar;E:\maven\repository\com\jayway\jsonpath\json-path\2.2.0\json-path-2.2.0.jar;E:\maven\repository\net\minidev\json-smart\2.2.1\json-smart-2.2.1.jar;E:\maven\repository\net\minidev\accessors-smart\1.1\accessors-smart-1.1.jar;E:\maven\repository\org\ow2\asm\asm\5.0.3\asm-5.0.3.jar;E:\maven\repository\org\slf4j\slf4j-api\1.7.24\slf4j-api-1.7.24.jar;E:\maven\repository\org\assertj\assertj-core\2.6.0\assertj-core-2.6.0.jar;E:\maven\repository\org\mockito\mockito-core\1.10.19\mockito-core-1.10.19.jar;E:\maven\repository\org\objenesis\objenesis\2.1\objenesis-2.1.jar;E:\maven\repository\org\hamcrest\hamcrest-core\1.3\hamcrest-core-1.3.jar;E:\maven\repository\org\hamcrest\hamcrest-library\1.3\hamcrest-library-1.3.jar;E:\maven\repository\org\skyscreamer\jsonassert\1.4.0\jsonassert-1.4.0.jar;E:\maven\repository\com\vaadin\external\google\android-json\0.0.20131108.vaadin1\android-json-0.0.20131108.vaadin1.jar;E:\maven\repository\org\springframework\spring-core\4.3.7.RELEASE\spring-core-4.3.7.RELEASE.jar;E:\maven\repository\org\springframework\spring-test\4.3.7.RELEASE\spring-test-4.3.7.RELEASE.jar;E:\maven\repository\junit\junit\4.11\junit-4.11.jar;"/>
    <property name="java.vm.vendor" value="Oracle Corporation"/>
    <property name="sun.arch.data.model" value="64"/>
    <property name="user.variant" value=""/>
    <property name="java.vendor.url" value="http://java.oracle.com/"/>
    <property name="user.timezone" value=""/>
    <property name="java.vm.specification.version" value="1.8"/>
    <property name="os.name" value="Windows 10"/>
    <property name="user.country" value="CN"/>
    <property name="sun.java.launcher" value="SUN_STANDARD"/>
    <property name="sun.boot.library.path" value="F:\Java\jdk1.8.0_77\jre\bin"/>
    <property name="sun.java.command" value="C:\Users\kely\AppData\Local\Temp\surefire4752754846834945683\surefirebooter2718861833009522540.jar C:\Users\kely\AppData\Local\Temp\surefire4752754846834945683 2018-05-10T21-36-41_349-jvmRun1 surefire5222756671247731261tmp surefire_01808600483093810437tmp"/>
    <property name="surefire.test.class.path" value="E:\kely\workspaces\springboot\springboot\springbootfast1\target\test-classes;E:\kely\workspaces\springboot\springboot\springbootfast1\target\classes;E:\maven\repository\org\springframework\boot\spring-boot-starter-web\1.5.2.RELEASE\spring-boot-starter-web-1.5.2.RELEASE.jar;E:\maven\repository\org\springframework\boot\spring-boot-starter\1.5.2.RELEASE\spring-boot-starter-1.5.2.RELEASE.jar;E:\maven\repository\org\springframework\boot\spring-boot\1.5.2.RELEASE\spring-boot-1.5.2.RELEASE.jar;E:\maven\repository\org\springframework\boot\spring-boot-autoconfigure\1.5.2.RELEASE\spring-boot-autoconfigure-1.5.2.RELEASE.jar;E:\maven\repository\org\springframework\boot\spring-boot-starter-logging\1.5.2.RELEASE\spring-boot-starter-logging-1.5.2.RELEASE.jar;E:\maven\repository\ch\qos\logback\logback-classic\1.1.11\logback-classic-1.1.11.jar;E:\maven\repository\ch\qos\logback\logback-core\1.1.11\logback-core-1.1.11.jar;E:\maven\repository\org\slf4j\jcl-over-slf4j\1.7.24\jcl-over-slf4j-1.7.24.jar;E:\maven\repository\org\slf4j\jul-to-slf4j\1.7.24\jul-to-slf4j-1.7.24.jar;E:\maven\repository\org\slf4j\log4j-over-slf4j\1.7.24\log4j-over-slf4j-1.7.24.jar;E:\maven\repository\org\yaml\snakeyaml\1.17\snakeyaml-1.17.jar;E:\maven\repository\org\springframework\boot\spring-boot-starter-tomcat\1.5.2.RELEASE\spring-boot-starter-tomcat-1.5.2.RELEASE.jar;E:\maven\repository\org\apache\tomcat\embed\tomcat-embed-core\8.5.11\tomcat-embed-core-8.5.11.jar;E:\maven\repository\org\apache\tomcat\embed\tomcat-embed-el\8.5.11\tomcat-embed-el-8.5.11.jar;E:\maven\repository\org\apache\tomcat\embed\tomcat-embed-websocket\8.5.11\tomcat-embed-websocket-8.5.11.jar;E:\maven\repository\org\hibernate\hibernate-validator\5.3.4.Final\hibernate-validator-5.3.4.Final.jar;E:\maven\repository\javax\validation\validation-api\1.1.0.Final\validation-api-1.1.0.Final.jar;E:\maven\repository\org\jboss\logging\jboss-logging\3.3.0.Final\jboss-logging-3.3.0.Final.jar;E:\maven\repository\com\fasterxml\classmate\1.3.3\classmate-1.3.3.jar;E:\maven\repository\com\fasterxml\jackson\core\jackson-databind\2.8.7\jackson-databind-2.8.7.jar;E:\maven\repository\com\fasterxml\jackson\core\jackson-annotations\2.8.0\jackson-annotations-2.8.0.jar;E:\maven\repository\com\fasterxml\jackson\core\jackson-core\2.8.7\jackson-core-2.8.7.jar;E:\maven\repository\org\springframework\spring-web\4.3.7.RELEASE\spring-web-4.3.7.RELEASE.jar;E:\maven\repository\org\springframework\spring-aop\4.3.7.RELEASE\spring-aop-4.3.7.RELEASE.jar;E:\maven\repository\org\springframework\spring-beans\4.3.7.RELEASE\spring-beans-4.3.7.RELEASE.jar;E:\maven\repository\org\springframework\spring-context\4.3.7.RELEASE\spring-context-4.3.7.RELEASE.jar;E:\maven\repository\org\springframework\spring-webmvc\4.3.7.RELEASE\spring-webmvc-4.3.7.RELEASE.jar;E:\maven\repository\org\springframework\spring-expression\4.3.7.RELEASE\spring-expression-4.3.7.RELEASE.jar;E:\maven\repository\org\springframework\boot\spring-boot-starter-test\1.5.2.RELEASE\spring-boot-starter-test-1.5.2.RELEASE.jar;E:\maven\repository\org\springframework\boot\spring-boot-test\1.5.2.RELEASE\spring-boot-test-1.5.2.RELEASE.jar;E:\maven\repository\org\springframework\boot\spring-boot-test-autoconfigure\1.5.2.RELEASE\spring-boot-test-autoconfigure-1.5.2.RELEASE.jar;E:\maven\repository\com\jayway\jsonpath\json-path\2.2.0\json-path-2.2.0.jar;E:\maven\repository\net\minidev\json-smart\2.2.1\json-smart-2.2.1.jar;E:\maven\repository\net\minidev\accessors-smart\1.1\accessors-smart-1.1.jar;E:\maven\repository\org\ow2\asm\asm\5.0.3\asm-5.0.3.jar;E:\maven\repository\org\slf4j\slf4j-api\1.7.24\slf4j-api-1.7.24.jar;E:\maven\repository\org\assertj\assertj-core\2.6.0\assertj-core-2.6.0.jar;E:\maven\repository\org\mockito\mockito-core\1.10.19\mockito-core-1.10.19.jar;E:\maven\repository\org\objenesis\objenesis\2.1\objenesis-2.1.jar;E:\maven\repository\org\hamcrest\hamcrest-core\1.3\hamcrest-core-1.3.jar;E:\maven\repository\org\hamcrest\hamcrest-library\1.3\hamcrest-library-1.3.jar;E:\maven\repository\org\skyscreamer\jsonassert\1.4.0\jsonassert-1.4.0.jar;E:\maven\repository\com\vaadin\external\google\android-json\0.0.20131108.vaadin1\android-json-0.0.20131108.vaadin1.jar;E:\maven\repository\org\springframework\spring-core\4.3.7.RELEASE\spring-core-4.3.7.RELEASE.jar;E:\maven\repository\org\springframework\spring-test\4.3.7.RELEASE\spring-test-4.3.7.RELEASE.jar;E:\maven\repository\junit\junit\4.11\junit-4.11.jar;"/>
    <property name="sun.cpu.endian" value="little"/>
    <property name="user.home" value="C:\Users\kely"/>
    <property name="user.language" value="zh"/>
    <property name="java.specification.vendor" value="Oracle Corporation"/>
    <property name="java.home" value="F:\Java\jdk1.8.0_77\jre"/>
    <property name="basedir" value="E:\kely\workspaces\springboot\springboot\springbootfast1"/>
    <property name="file.separator" value="\"/>
    <property name="line.separator" value="&#10;"/>
    <property name="java.vm.specification.vendor" value="Oracle Corporation"/>
    <property name="java.specification.name" value="Java Platform API Specification"/>
    <property name="java.awt.graphicsenv" value="sun.awt.Win32GraphicsEnvironment"/>
    <property name="surefire.real.class.path" value="C:\Users\kely\AppData\Local\Temp\surefire4752754846834945683\surefirebooter2718861833009522540.jar"/>
    <property name="sun.boot.class.path" value="F:\Java\jdk1.8.0_77\jre\lib\resources.jar;F:\Java\jdk1.8.0_77\jre\lib\rt.jar;F:\Java\jdk1.8.0_77\jre\lib\sunrsasign.jar;F:\Java\jdk1.8.0_77\jre\lib\jsse.jar;F:\Java\jdk1.8.0_77\jre\lib\jce.jar;F:\Java\jdk1.8.0_77\jre\lib\charsets.jar;F:\Java\jdk1.8.0_77\jre\lib\jfr.jar;F:\Java\jdk1.8.0_77\jre\classes"/>
    <property name="user.script" value=""/>
    <property name="sun.management.compiler" value="HotSpot 64-Bit Tiered Compilers"/>
    <property name="java.runtime.version" value="1.8.0_77-b03"/>
    <property name="user.name" value="kely"/>
    <property name="path.separator" value=";"/>
    <property name="os.version" value="10.0"/>
    <property name="java.endorsed.dirs" value="F:\Java\jdk1.8.0_77\jre\lib\endorsed"/>
    <property name="java.runtime.name" value="Java(TM) SE Runtime Environment"/>
    <property name="file.encoding" value="GBK"/>
    <property name="java.vm.name" value="Java HotSpot(TM) 64-Bit Server VM"/>
    <property name="localRepository" value="E:\maven\repository"/>
    <property name="java.vendor.url.bug" value="http://bugreport.sun.com/bugreport/"/>
    <property name="java.io.tmpdir" value="C:\Users\kely\AppData\Local\Temp\"/>
    <property name="java.version" value="1.8.0_77"/>
    <property name="user.dir" value="E:\kely\workspaces\springboot\springboot\springbootfast1"/>
    <property name="os.arch" value="amd64"/>
    <property name="java.vm.specification.name" value="Java Virtual Machine Specification"/>
    <property name="java.awt.printerjob" value="sun.awt.windows.WPrinterJob"/>
    <property name="sun.os.patch.level" value=""/>
    <property name="java.library.path" value="F:\Java\jdk1.8.0_77\jre\bin;C:\WINDOWS\Sun\Java\bin;C:\WINDOWS\system32;C:\WINDOWS;F:\Java\jdk1.8.0_77\bin;E:\maven\apache-maven-3.0.4\bin;C:\ProgramData\Oracle\Java\javapath;C:\Program Files (x86)\Intel\iCLS Client\;C:\Program Files\Intel\iCLS Client\;C:\Windows\system32;C:\Windows;C:\Windows\System32\Wbem;C:\Windows\System32\WindowsPowerShell\v1.0\;C:\Program Files\Intel\WiFi\bin\;C:\Program Files\Common Files\Intel\WirelessCommon\;C:\Program Files\Intel\Intel(R) Management Engine Components\DAL;C:\Program Files (x86)\Intel\Intel(R) Management Engine Components\DAL;C:\Program Files\Intel\Intel(R) Management Engine Components\IPT;C:\Program Files (x86)\Intel\Intel(R) Management Engine Components\IPT;C:\Program Files\Lenovo\Fingerprint Manager Pro\;C:\Program Files (x86)\TortoiseSVN\bin;C:\WINDOWS\system32;C:\WINDOWS;C:\WINDOWS\System32\Wbem;C:\WINDOWS\System32\WindowsPowerShell\v1.0\;C:\Program Files (x86)\NVIDIA Corporation\PhysX\Common;C:\WINDOWS\system32;C:\WINDOWS;C:\WINDOWS\System32\Wbem;C:\WINDOWS\System32\WindowsPowerShell\v1.0\;d:\Program Files (x86)\Git\cmd;C:\Program Files\Intel\WiFi\bin\;C:\Program Files\Common Files\Intel\WirelessCommon\;%USERPROFILE%\AppData\Local\Microsoft\WindowsApps;;."/>
    <property name="java.vm.info" value="mixed mode"/>
    <property name="java.vendor" value="Oracle Corporation"/>
    <property name="java.vm.version" value="25.77-b03"/>
    <property name="java.ext.dirs" value="F:\Java\jdk1.8.0_77\jre\lib\ext;C:\WINDOWS\Sun\Java\lib\ext"/>
    <property name="sun.io.unicode.encoding" value="UnicodeLittle"/>
    <property name="java.class.version" value="52.0"/>
  </properties>
  <testcase name="shouldAnswerWithTrue" classname="com.kely.AppTest" time="0.007"/>
</testsuite>